C:\USERS\ARIJEET\DOCUMENTS\VISUAL STUDIO 2012\PROJECTS\TRY11\TRY11\DEBUG\FLOYD.OBJ
C:\USERS\ARIJEET\DOCUMENTS\VISUAL STUDIO 2012\PROJECTS\TRY11\TRY11\DEBUG\VC110.PDB
C:\USERS\ARIJEET\DOCUMENTS\VISUAL STUDIO 2012\PROJECTS\TRY11\DEBUG\TRY11.ILK
C:\USERS\ARIJEET\DOCUMENTS\VISUAL STUDIO 2012\PROJECTS\TRY11\DEBUG\TRY11.EXE
C:\USERS\ARIJEET\DOCUMENTS\VISUAL STUDIO 2012\PROJECTS\TRY11\DEBUG\TRY11.PDB
C:\Users\Arijeet\Documents\Visual Studio 2012\Projects\try11\try11\Debug\Floyd.obj
C:\Users\Arijeet\Documents\Visual Studio 2012\Projects\try11\try11\Debug\cl.command.1.tlog
C:\Users\Arijeet\Documents\Visual Studio 2012\Projects\try11\try11\Debug\CL.read.1.tlog
C:\Users\Arijeet\Documents\Visual Studio 2012\Projects\try11\try11\Debug\CL.write.1.tlog
C:\Users\Arijeet\Documents\Visual Studio 2012\Projects\try11\try11\Debug\link-cvtres.read.1.tlog
C:\Users\Arijeet\Documents\Visual Studio 2012\Projects\try11\try11\Debug\link-cvtres.write.1.tlog
C:\Users\Arijeet\Documents\Visual Studio 2012\Projects\try11\try11\Debug\link-rc.read.1.tlog
C:\Users\Arijeet\Documents\Visual Studio 2012\Projects\try11\try11\Debug\link-rc.write.1.tlog
C:\Users\Arijeet\Documents\Visual Studio 2012\Projects\try11\try11\Debug\link.command.1.tlog
C:\Users\Arijeet\Documents\Visual Studio 2012\Projects\try11\try11\Debug\link.read.1.tlog
C:\Users\Arijeet\Documents\Visual Studio 2012\Projects\try11\try11\Debug\link.write.1.tlog
C:\Users\Arijeet\Documents\Visual Studio 2012\Projects\try11\try11\Debug\vc110.idb
C:\Users\Arijeet\Documents\Visual Studio 2012\Projects\try11\try11\Debug\vc110.pdb
C:\Users\Arijeet\Documents\Visual Studio 2012\Projects\try11\Debug\try11.pdb
C:\Users\Arijeet\Documents\Visual Studio 2012\Projects\try11\Debug\try11.exe
C:\Users\Arijeet\Documents\Visual Studio 2012\Projects\try11\Debug\try11.ilk
